<?xml version="1.0" encoding="UTF-8"?>
<testsuite name="inte.grupp5.combat.CombatTest" tests="6" skipped="2" failures="0" errors="0" timestamp="2020-10-23T12:34:27" hostname="LAPTOP-AIUF6R88" time="0.051">
  <properties/>
  <testcase name="differentEnemiesButNoPlayer()" classname="inte.grupp5.combat.CombatTest" time="0.002">
    <skipped/>
  </testcase>
  <testcase name="differentEnemiesAndPlayer()" classname="inte.grupp5.combat.CombatTest" time="0.0">
    <skipped/>
  </testcase>
  <testcase name="checkIfContainsPlayerFails()" classname="inte.grupp5.combat.CombatTest" time="0.025"/>
  <testcase name="ifEnemySizeMoreThan1AndPlayerNullRuns()" classname="inte.grupp5.combat.CombatTest" time="0.013"/>
  <testcase name="checkIfContainsEnemiesfails()" classname="inte.grupp5.combat.CombatTest" time="0.003"/>
  <testcase name="checkIfEnemyContains()" classname="inte.grupp5.combat.CombatTest" time="0.001"/>
  <system-out><![CDATA[]]></system-out>
  <system-err><![CDATA[]]></system-err>
</testsuite>
